<?xml version="1.0" encoding="UTF-8"?>
<testng-results skipped="0" failed="1" ignored="0" total="3" passed="2">
  <reporter-output>
  </reporter-output>
  <suite name="Default Suite" duration-ms="15125" started-at="2019-10-16T11:46:56Z" finished-at="2019-10-16T11:47:11Z">
    <groups>
    </groups>
    <test name="POMbyNaveen" duration-ms="15125" started-at="2019-10-16T11:46:56Z" finished-at="2019-10-16T11:47:11Z">
      <class name="com.qa.testcases.LoginTestPage">
        <test-method status="PASS" signature="setUp()[pri:0, instance:com.qa.testcases.LoginTestPage@6fadae5d]" name="setUp" is-config="true" duration-ms="4839" started-at="2019-10-16T11:46:56Z" finished-at="2019-10-16T11:47:01Z">
          <reporter-output>
          </reporter-output>
        </test-method> <!-- setUp -->
        <test-method status="PASS" signature="loginPageTitleTest()[pri:1, instance:com.qa.testcases.LoginTestPage@6fadae5d]" name="loginPageTitleTest" duration-ms="33" started-at="2019-10-16T11:47:01Z" finished-at="2019-10-16T11:47:01Z">
          <reporter-output>
          </reporter-output>
        </test-method> <!-- loginPageTitleTest -->
        <test-method status="PASS" signature="tearDown()[pri:0, instance:com.qa.testcases.LoginTestPage@6fadae5d]" name="tearDown" is-config="true" duration-ms="879" started-at="2019-10-16T11:47:01Z" finished-at="2019-10-16T11:47:02Z">
          <reporter-output>
          </reporter-output>
        </test-method> <!-- tearDown -->
        <test-method status="PASS" signature="setUp()[pri:0, instance:com.qa.testcases.LoginTestPage@6fadae5d]" name="setUp" is-config="true" duration-ms="4341" started-at="2019-10-16T11:47:02Z" finished-at="2019-10-16T11:47:06Z">
          <reporter-output>
          </reporter-output>
        </test-method> <!-- setUp -->
        <test-method status="PASS" signature="logoImageTest()[pri:2, instance:com.qa.testcases.LoginTestPage@6fadae5d]" name="logoImageTest" duration-ms="135" started-at="2019-10-16T11:47:06Z" finished-at="2019-10-16T11:47:07Z">
          <reporter-output>
          </reporter-output>
        </test-method> <!-- logoImageTest -->
        <test-method status="PASS" signature="tearDown()[pri:0, instance:com.qa.testcases.LoginTestPage@6fadae5d]" name="tearDown" is-config="true" duration-ms="888" started-at="2019-10-16T11:47:07Z" finished-at="2019-10-16T11:47:07Z">
          <reporter-output>
          </reporter-output>
        </test-method> <!-- tearDown -->
        <test-method status="PASS" signature="setUp()[pri:0, instance:com.qa.testcases.LoginTestPage@6fadae5d]" name="setUp" is-config="true" duration-ms="3018" started-at="2019-10-16T11:47:07Z" finished-at="2019-10-16T11:47:10Z">
          <reporter-output>
          </reporter-output>
        </test-method> <!-- setUp -->
        <test-method status="FAIL" signature="loginTest()[pri:3, instance:com.qa.testcases.LoginTestPage@6fadae5d]" name="loginTest" duration-ms="44" started-at="2019-10-16T11:47:10Z" finished-at="2019-10-16T11:47:10Z">
          <exception class="java.lang.NullPointerException">
            <full-stacktrace>
              <![CDATA[java.lang.NullPointerException
at com.qa.utilities.TestUtil.takeScreenshotAtEndOfTest(TestUtil.java:59)
at com.qa.utilities.WebEventListener.onException(WebEventListener.java:69)
at sun.reflect.NativeMethodAccessorImpl.invoke0(Native Method)
at sun.reflect.NativeMethodAccessorImpl.invoke(NativeMethodAccessorImpl.java:62)
at sun.reflect.DelegatingMethodAccessorImpl.invoke(DelegatingMethodAccessorImpl.java:43)
at java.lang.reflect.Method.invoke(Method.java:498)
at org.openqa.selenium.support.events.EventFiringWebDriver.lambda$new$0(EventFiringWebDriver.java:84)
at com.sun.proxy.$Proxy5.onException(Unknown Source)
at org.openqa.selenium.support.events.EventFiringWebDriver.lambda$new$1(EventFiringWebDriver.java:107)
at com.sun.proxy.$Proxy6.findElement(Unknown Source)
at org.openqa.selenium.support.events.EventFiringWebDriver.findElement(EventFiringWebDriver.java:194)
at org.openqa.selenium.support.pagefactory.DefaultElementLocator.findElement(DefaultElementLocator.java:69)
at org.openqa.selenium.support.pagefactory.internal.LocatingElementHandler.invoke(LocatingElementHandler.java:38)
at com.sun.proxy.$Proxy10.sendKeys(Unknown Source)
at com.qa.pages.LoginPage.login(LoginPage.java:48)
at com.qa.testcases.LoginTestPage.loginTest(LoginTestPage.java:58)
at sun.reflect.NativeMethodAccessorImpl.invoke0(Native Method)
at sun.reflect.NativeMethodAccessorImpl.invoke(NativeMethodAccessorImpl.java:62)
at sun.reflect.DelegatingMethodAccessorImpl.invoke(DelegatingMethodAccessorImpl.java:43)
at java.lang.reflect.Method.invoke(Method.java:498)
at org.testng.internal.MethodInvocationHelper.invokeMethod(MethodInvocationHelper.java:124)
at org.testng.internal.Invoker.invokeMethod(Invoker.java:583)
at org.testng.internal.Invoker.invokeTestMethod(Invoker.java:719)
at org.testng.internal.Invoker.invokeTestMethods(Invoker.java:989)
at org.testng.internal.TestMethodWorker.invokeTestMethods(TestMethodWorker.java:125)
at org.testng.internal.TestMethodWorker.run(TestMethodWorker.java:109)
at org.testng.TestRunner.privateRun(TestRunner.java:648)
at org.testng.TestRunner.run(TestRunner.java:505)
at org.testng.SuiteRunner.runTest(SuiteRunner.java:455)
at org.testng.SuiteRunner.runSequentially(SuiteRunner.java:450)
at org.testng.SuiteRunner.privateRun(SuiteRunner.java:415)
at org.testng.SuiteRunner.run(SuiteRunner.java:364)
at org.testng.SuiteRunnerWorker.runSuite(SuiteRunnerWorker.java:52)
at org.testng.SuiteRunnerWorker.run(SuiteRunnerWorker.java:84)
at org.testng.TestNG.runSuitesSequentially(TestNG.java:1208)
at org.testng.TestNG.runSuitesLocally(TestNG.java:1137)
at org.testng.TestNG.runSuites(TestNG.java:1049)
at org.testng.TestNG.run(TestNG.java:1017)
at org.testng.IDEARemoteTestNG.run(IDEARemoteTestNG.java:73)
at org.testng.RemoteTestNGStarter.main(RemoteTestNGStarter.java:123)
]]>
            </full-stacktrace>
          </exception> <!-- java.lang.NullPointerException -->
          <reporter-output>
          </reporter-output>
        </test-method> <!-- loginTest -->
        <test-method status="PASS" signature="tearDown()[pri:0, instance:com.qa.testcases.LoginTestPage@6fadae5d]" name="tearDown" is-config="true" duration-ms="863" started-at="2019-10-16T11:47:10Z" finished-at="2019-10-16T11:47:11Z">
          <reporter-output>
          </reporter-output>
        </test-method> <!-- tearDown -->
      </class> <!-- com.qa.testcases.LoginTestPage -->
    </test> <!-- POMbyNaveen -->
  </suite> <!-- Default Suite -->
</testng-results>
